0 info it worked if it ends with ok
1 verbose cli [ 'C:\\Program Files\\nodejs\\node.exe',
1 verbose cli   'C:\\Program Files\\nodejs\\node_modules\\npm\\bin\\npm-cli.js',
1 verbose cli   'start' ]
2 info using npm@3.10.10
3 info using node@v6.10.0
4 verbose run-script [ 'prestart', 'start', 'poststart' ]
5 info lifecycle trivia-app@0.1.0~prestart: trivia-app@0.1.0
6 silly lifecycle trivia-app@0.1.0~prestart: no script for prestart, continuing
7 info lifecycle trivia-app@0.1.0~start: trivia-app@0.1.0
8 verbose lifecycle trivia-app@0.1.0~start: unsafe-perm in lifecycle true
9 verbose lifecycle trivia-app@0.1.0~start: PATH: C:\Program Files\nodejs\node_modules\npm\bin\node-gyp-bin;C:\Users\Ramy\Documents\NTL\02_trivia_api\starter\frontend\node_modules\.bin;C:\Users\Ramy\Documents\NTL\02_trivia_api\starter\env\Scripts;C:\ProgramData\Oracle\Java\javapath;C:\WINDOWS\system32;C:\WINDOWS;C:\WINDOWS\System32\Wbem;C:\WINDOWS\System32\WindowsPowerShell\v1.0\;C:\Program Files\Microsoft SQL Server\110\Tools\Binn\;C:\Program Files\Git\cmd;C:\Program Files\nodejs\;C:\xampp\php;C:\Users\Ramy\project;C:\Program Files (x86)\Skype\Phone\;C:\Program Files\Java\jdk1.8.0_112\bin;C:\WINDOWS\System32\OpenSSH\;C:\Program Files\apache-maven-3.5.4\bin;C:\Users\Ramy\AppData\Local\Programs\Python\Python37-32;C:\Program Files\PostgreSQL\12\bin;C:\Users\Ramy\AppData\Roaming\npm;C:\Users\Ramy\AppData\Local\Microsoft\WindowsApps;"C:\Users\Ramy\AppData\Local\Programs\Python\Python37-32;C:\Users\Ramy\AppData\Local\Programs\Python\Python37-32\Scripts";D:\ramy\VSCode\Microsoft VS Code\bin;C:\Users\Ramy\AppData\Local\Programs\Python\Python37-32\Scripts;
10 verbose lifecycle trivia-app@0.1.0~start: CWD: C:\Users\Ramy\Documents\NTL\02_trivia_api\starter\frontend
11 silly lifecycle trivia-app@0.1.0~start: Args: [ '/d /s /c',
11 silly lifecycle   'node node_modules/react-scripts/scripts/start.js' ]
12 silly lifecycle trivia-app@0.1.0~start: Returned: code: 1  signal: null
13 info lifecycle trivia-app@0.1.0~start: Failed to exec start script
14 verbose stack Error: trivia-app@0.1.0 start: `node node_modules/react-scripts/scripts/start.js`
14 verbose stack Exit status 1
14 verbose stack     at EventEmitter.<anonymous> (C:\Program Files\nodejs\node_modules\npm\lib\utils\lifecycle.js:255:16)
14 verbose stack     at emitTwo (events.js:106:13)
14 verbose stack     at EventEmitter.emit (events.js:191:7)
14 verbose stack     at ChildProcess.<anonymous> (C:\Program Files\nodejs\node_modules\npm\lib\utils\spawn.js:40:14)
14 verbose stack     at emitTwo (events.js:106:13)
14 verbose stack     at ChildProcess.emit (events.js:191:7)
14 verbose stack     at maybeClose (internal/child_process.js:877:16)
14 verbose stack     at Process.ChildProcess._handle.onexit (internal/child_process.js:226:5)
15 verbose pkgid trivia-app@0.1.0
16 verbose cwd C:\Users\Ramy\Documents\NTL\02_trivia_api\starter\frontend
17 error Windows_NT 10.0.18362
18 error argv "C:\\Program Files\\nodejs\\node.exe" "C:\\Program Files\\nodejs\\node_modules\\npm\\bin\\npm-cli.js" "start"
19 error node v6.10.0
20 error npm  v3.10.10
21 error code ELIFECYCLE
22 error trivia-app@0.1.0 start: `node node_modules/react-scripts/scripts/start.js`
22 error Exit status 1
23 error Failed at the trivia-app@0.1.0 start script 'node node_modules/react-scripts/scripts/start.js'.
23 error Make sure you have the latest version of node.js and npm installed.
23 error If you do, this is most likely a problem with the trivia-app package,
23 error not with npm itself.
23 error Tell the author that this fails on your system:
23 error     node node_modules/react-scripts/scripts/start.js
23 error You can get information on how to open an issue for this project with:
23 error     npm bugs trivia-app
23 error Or if that isn't available, you can get their info via:
23 error     npm owner ls trivia-app
23 error There is likely additional logging output above.
24 verbose exit [ 1, true ]
